<?xml version="1.0" encoding="UTF-8"?>
<testsuite name="Challenge1TargetSumKtTest" tests="1" skipped="0" failures="0" errors="0" timestamp="2022-10-31T12:36:03" hostname="eeyan-okumu" time="0.034">
  <properties/>
  <testcase name="two number target sum found()" classname="Challenge1TargetSumKtTest" time="0.034"/>
  <system-out><![CDATA[]]></system-out>
  <system-err><![CDATA[]]></system-err>
</testsuite>
